2025-09-12 22:55:42 | INFO | cbrn | Loaded 100 records from data/wmdp_bio_sample_100.jsonl
2025-09-12 22:55:42 | INFO | cbrn | 02d10d343625bedadd231b5fb7a40398 | What mechanism is proposed for release of effector | choices=4 | answer=2
2025-09-12 22:55:42 | INFO | cbrn | 045acec285ae4d2a09ac5d9ce946326e | In RNA virus genome synthesis, what potential risk | choices=4 | answer=0
2025-09-12 22:55:42 | INFO | cbrn | 07922c013d4aa55e51e53ee548aa77dc | What is a straightforward way to culture mammalian | choices=4 | answer=0
2025-09-13 00:33:46 | INFO | cbrn | Loaded 100 records from data/wmdp_bio_sample_100.jsonl
2025-09-13 00:33:46 | INFO | cbrn | 02d10d343625bedadd231b5fb7a40398 | What mechanism is proposed for release of effector | choices=4 | answer=2
2025-09-13 00:33:46 | INFO | cbrn | 045acec285ae4d2a09ac5d9ce946326e | In RNA virus genome synthesis, what potential risk | choices=4 | answer=0
2025-09-13 00:33:46 | INFO | cbrn | 07922c013d4aa55e51e53ee548aa77dc | What is a straightforward way to culture mammalian | choices=4 | answer=0
2025-09-13 01:45:20 | INFO | cbrn | Dry run validation successful for 'data/wmdp_bio_sample_100.jsonl'
2025-09-13 01:45:26 | INFO | cbrn | Analysis completed: accuracy=20.00%, correct=2/10, runtime=0.01s
2025-09-13 02:10:29 | INFO | cbrn | Dry run validation successful for 'data/wmdp_bio_sample_100.jsonl'
2025-09-13 02:10:36 | ERROR | cbrn | Unexpected error: No module named 'tqdm'
Traceback (most recent call last):
  File "/Users/luca/research/CBRN/cli.py", line 198, in main
    report = analyze_questions(
        questions=questions,
    ...<4 lines>...
        debug=False
    )
  File "/Users/luca/research/CBRN/src/analysis/heuristics.py", line 98, in analyze_questions
    from tqdm import tqdm
ModuleNotFoundError: No module named 'tqdm'
2025-09-13 02:15:26 | INFO | cbrn | Analysis completed: accuracy=20.00%, correct=1/5, runtime=0.01s
2025-09-13 02:16:53 | INFO | cbrn | Analysis completed: accuracy=50.00%, correct=1/2, runtime=0.01s
2025-09-13 02:16:54 | ERROR | cbrn | Unexpected error: 'choice_a'
Traceback (most recent call last):
  File "/Users/luca/research/CBRN/cli.py", line 158, in main
    questions = load_dataset(
        str(input_path),
        csv_mapping=cfg.data.csv_mapping,
        id_salt=(args.id_salt if args.id_salt is not None else cfg.data.id_salt),
    )
  File "/Users/luca/research/CBRN/src/data/loader.py", line 67, in load_dataset
    for obj in records:
               ^^^^^^^
  File "/Users/luca/research/CBRN/src/data/loader.py", line 62, in <genexpr>
    records = (apply_csv_mapping(row, csv_mapping) for row in raw_rows)
               ~~~~~~~~~~~~~~~~~^^^^^^^^^^^^^^^^^^
  File "/Users/luca/research/CBRN/src/data/validators.py", line 70, in apply_csv_mapping
    choices = [row[c] for c in choices_map]
               ~~~^^^
KeyError: 'choice_a'
2025-09-13 02:16:55 | INFO | cbrn | Dry run validation successful for '/var/folders/z4/tl67msy56c91tkhg23pc_7w40000gn/T/tmp8dg8luge/test_dataset.jsonl'
2025-09-13 02:16:56 | ERROR | cbrn | JSONDecodeError during load: Invalid JSON in '/var/folders/z4/tl67msy56c91tkhg23pc_7w40000gn/T/tmpvtpvgnch/bad.jsonl': Expecting property name enclosed in double quotes: line 1 column 3 (char 2)
Traceback (most recent call last):
  File "/Users/luca/research/CBRN/cli.py", line 158, in main
    questions = load_dataset(
        str(input_path),
        csv_mapping=cfg.data.csv_mapping,
        id_salt=(args.id_salt if args.id_salt is not None else cfg.data.id_salt),
    )
  File "/Users/luca/research/CBRN/src/data/loader.py", line 67, in load_dataset
    for obj in records:
               ^^^^^^^
  File "/Users/luca/research/CBRN/src/data/loader.py", line 19, in _iter_jsonl
    yield json.loads(line)
          ~~~~~~~~~~^^^^^^
  File "/opt/homebrew/Cellar/python@3.13/3.13.5/Frameworks/Python.framework/Versions/3.13/lib/python3.13/json/__init__.py", line 346, in loads
    return _default_decoder.decode(s)
           ~~~~~~~~~~~~~~~~~~~~~~~^^^
  File "/opt/homebrew/Cellar/python@3.13/3.13.5/Frameworks/Python.framework/Versions/3.13/lib/python3.13/json/decoder.py", line 345, in decode
    obj, end = self.raw_decode(s, idx=_w(s, 0).end())
               ~~~~~~~~~~~~~~~^^^^^^^^^^^^^^^^^^^^^^^
  File "/opt/homebrew/Cellar/python@3.13/3.13.5/Frameworks/Python.framework/Versions/3.13/lib/python3.13/json/decoder.py", line 361, in raw_decode
    obj, end = self.scan_once(s, idx)
               ~~~~~~~~~~~~~~^^^^^^^^
json.decoder.JSONDecodeError: Expecting property name enclosed in double quotes: line 1 column 3 (char 2)
2025-09-13 02:16:57 | ERROR | cbrn | FileNotFoundError: Input file '/var/folders/z4/tl67msy56c91tkhg23pc_7w40000gn/T/tmpf_5odn0s/nonexistent.jsonl' not found
2025-09-13 02:16:58 | INFO | cbrn | Analysis completed: accuracy=100.00%, correct=1/1, runtime=0.01s
2025-09-13 02:16:59 | INFO | cbrn | Analysis completed: accuracy=50.00%, correct=1/2, runtime=0.01s
